2025-12-10 13:39:51,541 [INFO] ----- New request started -----
2025-12-10 13:39:51,546 [INFO] Inputs - fe_tin: TIN000001 | end_date: 2025-02-20 | start_date: (empty) | npi: (empty)
2025-12-10 13:39:51,593 [INFO] TIN placeholders: ?
2025-12-10 13:39:51,594 [INFO] NPI filter enabled: False
2025-12-10 13:39:51,594 [INFO] Executing SQL...
2025-12-10 13:39:51,595 [INFO] SQL:

        WITH abc AS
        (
            SELECT *
            FROM tin_db.records
            WHERE end_date >= ?
              AND start_date <= ?
        )
        
        SELECT *
        FROM
        (
            SELECT * FROM abc WHERE tin IN (?)
        ) x
        
        WHERE x.end_date >= ?
          AND x.start_date <= ?
        
        
2025-12-10 13:39:51,608 [INFO] Params: ['2025-02-20', '2025-12-10', 'TIN000001', '2025-02-20', '2025-12-10']
2025-12-10 13:39:53,146 [INFO] Connected to Teradata.
2025-12-10 13:39:53,239 [INFO] Rows returned: 1
2025-12-10 13:39:53,792 [INFO] Excel ready: tin_report_2025-02-20.xlsx
2025-12-10 13:39:53,793 [INFO] 127.0.0.1 - - [10/Dec/2025 13:39:53] "POST /download HTTP/1.1" 200 -
2025-12-10 13:40:13,400 [INFO] ----- New request started -----
2025-12-10 13:40:13,402 [INFO] Inputs - fe_tin: TIN000001 | end_date: 2025-02-20 | start_date: (empty) | npi: 9876543210
2025-12-10 13:40:13,437 [INFO] TIN placeholders: ?
2025-12-10 13:40:13,437 [INFO] NPI filter enabled: True
2025-12-10 13:40:13,438 [INFO] Executing SQL...
2025-12-10 13:40:13,438 [INFO] SQL:

        WITH abc AS
        (
            SELECT *
            FROM tin_db.records
            WHERE end_date >= ?
              AND start_date <= ?
        )
        
        SELECT *
        FROM
        (
            SELECT * FROM abc WHERE tin IN (?)
        ) x
        
        WHERE x.end_date >= ?
          AND x.start_date <= ?
         AND (x.npi IN (?))
        
2025-12-10 13:40:13,443 [INFO] Params: ['2025-02-20', '2025-12-10', 'TIN000001', '2025-02-20', '2025-12-10', '9876543210']
2025-12-10 13:40:14,631 [INFO] Connected to Teradata.
2025-12-10 13:40:14,830 [INFO] Rows returned: 0
2025-12-10 13:40:14,830 [WARNING] No matching records found.
2025-12-10 13:40:14,832 [INFO] 127.0.0.1 - - [10/Dec/2025 13:40:14] "[33mPOST /download HTTP/1.1[0m" 404 -
2025-12-10 13:40:31,828 [INFO] ----- New request started -----
2025-12-10 13:40:31,834 [INFO] Inputs - fe_tin: TIN000001 | end_date: 2025-02-20 | start_date: (empty) | npi: 1122336677
2025-12-10 13:40:31,961 [INFO] TIN placeholders: ?
2025-12-10 13:40:31,964 [INFO] NPI filter enabled: True
2025-12-10 13:40:31,966 [INFO] Executing SQL...
2025-12-10 13:40:31,967 [INFO] SQL:

        WITH abc AS
        (
            SELECT *
            FROM tin_db.records
            WHERE end_date >= ?
              AND start_date <= ?
        )
        
        SELECT *
        FROM
        (
            SELECT * FROM abc WHERE tin IN (?)
        ) x
        
        WHERE x.end_date >= ?
          AND x.start_date <= ?
         AND (x.npi IN (?))
        
2025-12-10 13:40:31,983 [INFO] Params: ['2025-02-20', '2025-12-10', 'TIN000001', '2025-02-20', '2025-12-10', '1122336677']
2025-12-10 13:40:33,178 [INFO] Connected to Teradata.
2025-12-10 13:40:33,327 [INFO] Rows returned: 1
2025-12-10 13:40:33,352 [INFO] Excel ready: tin_report_2025-02-20.xlsx
2025-12-10 13:40:33,354 [INFO] 127.0.0.1 - - [10/Dec/2025 13:40:33] "POST /download HTTP/1.1" 200 -
2025-12-10 13:41:15,802 [INFO] ----- New request started -----
2025-12-10 13:41:15,805 [INFO] Inputs - fe_tin: TINasdasd | end_date: 2025-02-20 | start_date: (empty) | npi: 1122336611
2025-12-10 13:41:15,834 [INFO] TIN placeholders: ?
2025-12-10 13:41:15,835 [INFO] NPI filter enabled: True
2025-12-10 13:41:15,835 [INFO] Executing SQL...
2025-12-10 13:41:15,836 [INFO] SQL:

        WITH abc AS
        (
            SELECT *
            FROM tin_db.records
            WHERE end_date >= ?
              AND start_date <= ?
        )
        
        SELECT *
        FROM
        (
            SELECT * FROM abc WHERE tin IN (?)
        ) x
        
        WHERE x.end_date >= ?
          AND x.start_date <= ?
         AND (x.npi IN (?))
        
2025-12-10 13:41:15,841 [INFO] Params: ['2025-02-20', '2025-12-10', 'TINasdasd', '2025-02-20', '2025-12-10', '1122336611']
2025-12-10 13:41:17,041 [INFO] Connected to Teradata.
2025-12-10 13:41:17,148 [INFO] Rows returned: 0
2025-12-10 13:41:17,151 [WARNING] No matching records found.
2025-12-10 13:41:17,160 [INFO] 127.0.0.1 - - [10/Dec/2025 13:41:17] "[33mPOST /download HTTP/1.1[0m" 404 -
2025-12-10 13:42:36,672 [INFO] 127.0.0.1 - - [10/Dec/2025 13:42:36] "GET / HTTP/1.1" 200 -
2025-12-10 13:43:01,000 [INFO] ----- New request started -----
2025-12-10 13:43:01,003 [INFO] Inputs - fe_tin: TIN000001 | end_date: 2025-02-20 | start_date: (empty) | npi: (empty)
2025-12-10 13:43:01,037 [INFO] TIN placeholders: ?
2025-12-10 13:43:01,038 [INFO] NPI filter enabled: False
2025-12-10 13:43:01,038 [INFO] Executing SQL...
2025-12-10 13:43:01,039 [INFO] SQL:

        WITH abc AS
        (
            SELECT *
            FROM tin_db.records
            WHERE end_date >= ?
              AND start_date <= ?
        )
        
        SELECT *
        FROM
        (
            SELECT * FROM abc WHERE tin IN (?)
        ) x
        
        WHERE x.end_date >= ?
          AND x.start_date <= ?
        
        
2025-12-10 13:43:01,044 [INFO] Params: ['2025-02-20', '2025-12-10', 'TIN000001', '2025-02-20', '2025-12-10']
2025-12-10 13:43:02,231 [INFO] Connected to Teradata.
2025-12-10 13:43:02,332 [INFO] Rows returned: 1
2025-12-10 13:43:02,352 [INFO] Excel ready: tin_report_2025-02-20.xlsx
2025-12-10 13:43:02,353 [INFO] 127.0.0.1 - - [10/Dec/2025 13:43:02] "POST /download HTTP/1.1" 200 -
2025-12-11 06:03:30,375 [INFO]  * Detected change in 'C:\\rakesh-c\\rnd\\python\\tindb\\app.py', reloading
2025-12-11 06:03:32,117 [INFO]  * Restarting with stat
2025-12-11 06:03:39,411 [WARNING]  * Debugger is active!
2025-12-11 06:03:39,428 [INFO]  * Debugger PIN: 535-846-782
2025-12-11 11:47:52,186 [INFO] 127.0.0.1 - - [11/Dec/2025 11:47:52] "GET / HTTP/1.1" 200 -
2025-12-11 11:49:18,303 [INFO] ----- New request started -----
2025-12-11 11:49:18,314 [INFO] Inputs - fe_tin: TIN000001 | end_date: 2025-02-20 | start_date: (empty) | npi: (empty)
2025-12-11 11:49:18,834 [INFO] TIN placeholders: ?
2025-12-11 11:49:18,835 [INFO] NPI filter enabled: False
2025-12-11 11:49:18,835 [INFO] Executing SQL...
2025-12-11 11:49:18,836 [INFO] SQL:

        WITH abc AS
        (
            SELECT *
            FROM tin_db.records
            WHERE end_date >= ?
              AND start_date <= ?
        )
        
        SELECT *
        FROM
        (
            SELECT * FROM abc WHERE tin IN (?)
        ) x
        
        WHERE x.end_date >= ?
          AND x.start_date <= ?
        
        
2025-12-11 11:49:18,839 [INFO] Params: ['2025-02-20', '2025-12-11', 'TIN000001', '2025-02-20', '2025-12-11']
2025-12-11 11:49:21,659 [INFO] Connected to Teradata.
2025-12-11 11:49:22,565 [INFO] Rows returned: 1
2025-12-11 11:49:23,266 [INFO] Excel ready: tin_report_2025-02-20.xlsx
2025-12-11 11:49:23,267 [INFO] 127.0.0.1 - - [11/Dec/2025 11:49:23] "POST /download HTTP/1.1" 200 -
2025-12-11 11:49:55,030 [INFO] 127.0.0.1 - - [11/Dec/2025 11:49:55] "GET / HTTP/1.1" 200 -
2025-12-11 11:51:36,274 [INFO] 127.0.0.1 - - [11/Dec/2025 11:51:36] "GET / HTTP/1.1" 200 -
2025-12-11 12:09:11,450 [INFO] ----- New request started -----
2025-12-11 12:09:11,454 [INFO] Inputs - fe_tin: TIN000001 | end_date: 2025-02-20 | start_date: (empty) | npi: (empty)
2025-12-11 12:09:11,703 [INFO] TIN placeholders: ?
2025-12-11 12:09:11,704 [INFO] NPI filter enabled: False
2025-12-11 12:09:11,705 [INFO] Executing SQL...
2025-12-11 12:09:11,715 [INFO] SQL:

        WITH abc AS
        (
            SELECT *
            FROM tin_db.records
            WHERE end_date >= ?
              AND start_date <= ?
        )
        
        SELECT *
        FROM
        (
            SELECT * FROM abc WHERE tin IN (?)
        ) x
        
        WHERE x.end_date >= ?
          AND x.start_date <= ?
        
        
2025-12-11 12:09:11,731 [INFO] Params: ['2025-02-20', '2025-12-11', 'TIN000001', '2025-02-20', '2025-12-11']
2025-12-11 12:09:12,937 [INFO] Connected to Teradata.
2025-12-11 12:09:13,049 [INFO] Rows returned: 1
2025-12-11 12:09:13,094 [INFO] Excel ready: tin_report_2025-02-20.xlsx
2025-12-11 12:09:13,095 [INFO] 127.0.0.1 - - [11/Dec/2025 12:09:13] "POST /download HTTP/1.1" 200 -
2025-12-11 12:09:27,985 [INFO] ----- New request started -----
2025-12-11 12:09:28,014 [INFO] Inputs - fe_tin: TIN000001 | end_date: 2025-02-20 | start_date: (empty) | npi: 1122336677
2025-12-11 12:09:28,106 [INFO] TIN placeholders: ?
2025-12-11 12:09:28,108 [INFO] NPI filter enabled: True
2025-12-11 12:09:28,109 [INFO] Executing SQL...
2025-12-11 12:09:28,111 [INFO] SQL:

        WITH abc AS
        (
            SELECT *
            FROM tin_db.records
            WHERE end_date >= ?
              AND start_date <= ?
        )
        
        SELECT *
        FROM
        (
            SELECT * FROM abc WHERE tin IN (?)
        ) x
        
        WHERE x.end_date >= ?
          AND x.start_date <= ?
         AND (x.npi IN (?))
        
2025-12-11 12:09:28,126 [INFO] Params: ['2025-02-20', '2025-12-11', 'TIN000001', '2025-02-20', '2025-12-11', '1122336677']
2025-12-11 12:09:29,295 [INFO] Connected to Teradata.
2025-12-11 12:09:29,453 [INFO] Rows returned: 1
2025-12-11 12:09:29,473 [INFO] Excel ready: tin_report_2025-02-20.xlsx
2025-12-11 12:09:29,475 [INFO] 127.0.0.1 - - [11/Dec/2025 12:09:29] "POST /download HTTP/1.1" 200 -
